<?xml version="1.0" encoding="UTF-8"?>
<!-- Generated by org.testng.reporters.JUnitReportReporter -->
<testsuite hostname="Gayatri-LP" failures="0" tests="1" name="com.qa.tests.RestClientTest" time="1.144" errors="0" timestamp="2022-09-19T09:23:04 PDT" skipped="0">
  <testcase classname="com.qa.tests.RestClientTest" name="getAPITest" time="1.144"/>
  <system-out/>
</testsuite> <!-- com.qa.tests.RestClientTest -->
