<?xml version="1.0" encoding="UTF-8"?>
<!-- Generated by org.testng.reporters.JUnitReportReporter -->
<testsuite hostname="Gayatri-LP" failures="0" tests="1" name="com.qa.tests.GetAPITest" time="0.280" errors="0" timestamp="2022-09-19T19:25:47 PDT" skipped="0">
  <testcase classname="com.qa.tests.GetAPITest" name="getAPITest" time="0.280"/>
  <system-out/>
</testsuite> <!-- com.qa.tests.GetAPITest -->
