<?xml version="1.0" encoding="UTF-8"?>
<!-- Generated by org.testng.reporters.JUnitReportReporter -->
<testsuite hostname="Gayatri-LP" failures="0" tests="1" name="com.qa.tests.PutAPITest" time="0.025" errors="0" timestamp="2022-09-19T19:25:47 PDT" skipped="0">
  <testcase classname="com.qa.tests.PutAPITest" name="putAPITest" time="0.025"/>
  <system-out/>
</testsuite> <!-- com.qa.tests.PutAPITest -->
