<?xml version="1.0" encoding="UTF-8"?>
<!-- Generated by org.testng.reporters.JUnitReportReporter -->
<testsuite hostname="Gayatri-LP" failures="0" tests="1" name="com.qa.tests.PutAPITest" time="0.029" errors="0" timestamp="2022-11-10T11:02:12 PST" skipped="0">
  <testcase classname="com.qa.tests.PutAPITest" name="putAPITest" time="0.029"/>
  <system-out/>
</testsuite> <!-- com.qa.tests.PutAPITest -->
